2025-02-25 07:05:47 Loading main app package /usr/lib/obsidian/obsidian.asar
2025-02-25 07:05:47 Checking for update using Github
2025-02-25 07:05:48 Success.
2025-02-25 07:05:48 Latest version is 1.8.7
2025-02-25 07:05:48 App is up to date.
2025-02-26 08:50:00 Loading main app package /usr/lib/obsidian/obsidian.asar
2025-02-26 08:50:00 Checking for update using Github
2025-02-26 08:50:01 Success.
2025-02-26 08:50:01 Latest version is 1.8.7
2025-02-26 08:50:01 App is up to date.
2025-02-26 08:50:25 Loading main app package /usr/lib/obsidian/obsidian.asar
2025-02-26 08:50:25 Checking for update using Github
2025-02-26 08:50:57 Loading main app package /usr/lib/obsidian/obsidian.asar
2025-02-26 08:50:57 Checking for update using Github
2025-02-26 08:50:57 Success.
2025-02-26 08:50:57 Latest version is 1.8.7
2025-02-26 08:50:57 App is up to date.
2025-02-26 08:51:00 Loading main app package /usr/lib/obsidian/obsidian.asar
2025-02-26 08:51:01 Checking for update using Github
2025-02-26 08:51:01 Success.
2025-02-26 08:51:01 Latest version is 1.8.7
2025-02-26 08:51:01 App is up to date.
2025-02-26 09:31:15 Loading main app package /usr/lib/obsidian/obsidian.asar
2025-02-26 09:31:15 Checking for update using Github
2025-02-26 09:31:16 Success.
2025-02-26 09:31:16 Latest version is 1.8.7
2025-02-26 09:31:16 App is up to date.
2025-02-26 09:47:12 Loading main app package /usr/lib/obsidian/obsidian.asar
2025-02-26 09:47:12 Checking for update using Github
2025-02-26 09:47:13 Success.
2025-02-26 09:47:13 Latest version is 1.8.7
2025-02-26 09:47:13 App is up to date.
2025-02-26 09:49:46 Loading main app package /usr/lib/obsidian/obsidian.asar
2025-02-26 09:49:46 Checking for update using Github
2025-02-26 09:49:46 Success.
2025-02-26 09:49:46 Latest version is 1.8.7
2025-02-26 09:49:46 App is up to date.
2025-02-26 17:49:40 Loading main app package /usr/lib/obsidian/obsidian.asar
2025-02-26 17:49:41 Checking for update using Github
2025-02-26 17:49:41 Success.
2025-02-26 17:49:41 Latest version is 1.8.7
2025-02-26 17:49:41 App is up to date.
2025-02-26 17:58:11 Loading main app package /usr/lib/obsidian/obsidian.asar
2025-02-26 17:58:13 Checking for update using Github
2025-02-26 17:58:13 Success.
2025-02-26 17:58:13 Latest version is 1.8.7
2025-02-26 17:58:13 App is up to date.
2025-02-26 18:20:10 Loading main app package /usr/lib/obsidian/obsidian.asar
2025-02-26 18:20:12 Checking for update using Github
2025-02-26 18:20:12 Success.
2025-02-26 18:20:12 Latest version is 1.8.7
2025-02-26 18:20:12 App is up to date.
